<?xml version="1.0" encoding="UTF-8"?>
<!-- Generated by org.testng.reporters.JUnitReportReporter -->
<testsuite skipped="1" hostname="MunishPC" name="day10.TestingBasics" tests="5" failures="0" timestamp="14 Dec 2018 23:16:16 GMT" time="0.015" errors="0">
  <testcase name="testCase1" time="0.015" classname="day10.TestingBasics"/>
  <testcase name="testCase3" time="0.000" classname="day10.TestingBasics"/>
  <testcase name="testCase2" time="0.000" classname="day10.TestingBasics"/>
  <testcase name="testCase5" time="0.000" classname="day10.TestingBasics"/>
  <testcase name="testCase4" classname="day10.TestingBasics">
    <skipped/>
  </testcase> <!-- testCase4 -->
</testsuite> <!-- day10.TestingBasics -->
