<?xml version="1.0" encoding="UTF-8"?>
<!-- Generated by org.testng.reporters.JUnitReportReporter -->
<testsuite skipped="0" hostname="MunishPC" name="da11.Guru99" tests="3" failures="0" timestamp="17 Dec 2018 19:46:43 GMT" time="3.019" errors="0">
  <testcase name="logIn" time="1.447" classname="da11.Guru99"/>
  <testcase name="logIn" time="0.212" classname="da11.Guru99"/>
  <testcase name="logIn" time="1.360" classname="da11.Guru99"/>
</testsuite> <!-- da11.Guru99 -->
