<?xml version="1.0" encoding="UTF-8"?>
<!-- Generated by org.testng.reporters.JUnitReportReporter -->
<testsuite skipped="0" hostname="MunishPC" name="da11.DataProviderExample" tests="8" failures="0" timestamp="17 Dec 2018 19:01:28 GMT" time="0.031" errors="0">
  <testcase name="printTestData" time="0.000" classname="da11.DataProviderExample"/>
  <testcase name="printTestData" time="0.000" classname="da11.DataProviderExample"/>
  <testcase name="printTestData" time="0.016" classname="da11.DataProviderExample"/>
  <testcase name="printTestData" time="0.000" classname="da11.DataProviderExample"/>
  <testcase name="printTestData" time="0.000" classname="da11.DataProviderExample"/>
  <testcase name="printTestData" time="0.000" classname="da11.DataProviderExample"/>
  <testcase name="printTestData" time="0.000" classname="da11.DataProviderExample"/>
  <testcase name="printTestData" time="0.015" classname="da11.DataProviderExample"/>
</testsuite> <!-- da11.DataProviderExample -->
