<?xml version="1.0" encoding="UTF-8"?>
<!-- Generated by org.testng.reporters.JUnitReportReporter -->
<testsuite skipped="0" hostname="MunishPC" name="da11.Guru99" tests="3" failures="0" timestamp="23 Dec 2018 21:24:07 GMT" time="4.212" errors="0">
  <testcase name="logIn" time="0.526" classname="da11.Guru99"/>
  <testcase name="logIn" time="1.403" classname="da11.Guru99"/>
  <testcase name="logIn" time="2.283" classname="da11.Guru99"/>
</testsuite> <!-- da11.Guru99 -->
