<?xml version="1.0" encoding="UTF-8"?>
<!-- Generated by org.testng.reporters.JUnitReportReporter -->
<testsuite skipped="0" hostname="MunishPC" name="da11.TestingBasics" tests="3" failures="0" timestamp="17 Dec 2018 19:51:26 GMT" time="0.015" errors="0">
  <testcase name="testCase3" time="0.015" classname="da11.TestingBasics"/>
  <testcase name="testCase4" time="0.000" classname="da11.TestingBasics"/>
  <testcase name="testCase2" time="0.000" classname="da11.TestingBasics"/>
</testsuite> <!-- da11.TestingBasics -->
